app/build/intermediates/manifest_merge_blame_file/debug/manifest-merger-blame-debug-report.txt
1<?xml version="1.0" encoding="utf-8"?>
2<manifest xmlns:android="http://schemas.android.com/apk/res/android"
3    package="enruta.sistole_gen"
4    android:installLocation="preferExternal"
5    android:versionCode="39"
6    android:versionCodeMajor="10007"
7    android:versionName="ENGIE CPL (1.0.8)" >
8
9    <uses-sdk
9-->src\main\AndroidManifest.xml:9:5-11:41
10        android:minSdkVersion="14"
10-->src\main\AndroidManifest.xml:10:9-34
11        android:targetSdkVersion="30" />
11-->src\main\AndroidManifest.xml:11:9-38
12
13    <uses-permission android:name="android.permission.INTERNET" />
13-->src\main\AndroidManifest.xml:13:5-67
13-->src\main\AndroidManifest.xml:13:22-64
14    <uses-permission android:name="android.permission.CAMERA" />
14-->src\main\AndroidManifest.xml:14:5-65
14-->src\main\AndroidManifest.xml:14:22-62
15
16    <uses-feature
16-->src\main\AndroidManifest.xml:16:5-18:36
17        android:name="android.hardware.camera.autofocus"
17-->src\main\AndroidManifest.xml:17:9-57
18        android:required="false" />
18-->src\main\AndroidManifest.xml:18:9-33
19
20    <uses-permission android:name="android.permission.WRITE_EXTERNAL_STORAGE" />
20-->src\main\AndroidManifest.xml:20:5-81
20-->src\main\AndroidManifest.xml:20:22-78
21    <uses-permission android:name="android.permission.BLUETOOTH" />
21-->src\main\AndroidManifest.xml:21:5-68
21-->src\main\AndroidManifest.xml:21:22-65
22    <uses-permission android:name="android.permission.BLUETOOTH_ADMIN" />
22-->src\main\AndroidManifest.xml:22:5-74
22-->src\main\AndroidManifest.xml:22:22-71
23    <uses-permission android:name="android.permission.ACCESS_FINE_LOCATION" />
23-->src\main\AndroidManifest.xml:23:5-79
23-->src\main\AndroidManifest.xml:23:22-76
24    <uses-permission android:name="android.permission.FLASHLIGHT" />
24-->src\main\AndroidManifest.xml:24:5-69
24-->src\main\AndroidManifest.xml:24:22-66
25    <uses-permission android:name="android.permission.INTERNET" />
25-->src\main\AndroidManifest.xml:13:5-67
25-->src\main\AndroidManifest.xml:13:22-64
26    <uses-permission android:name="android.permission.ACCESS_NETWORK_STATE" />
26-->src\main\AndroidManifest.xml:26:5-79
26-->src\main\AndroidManifest.xml:26:22-76
27
28    <application
28-->src\main\AndroidManifest.xml:28:5-120:19
29        android:name="enruta.sistole_gen.Globales"
29-->src\main\AndroidManifest.xml:29:9-51
30        android:allowBackup="true"
30-->src\main\AndroidManifest.xml:30:9-35
31        android:appComponentFactory="android.support.v4.app.CoreComponentFactory"
31-->[com.android.support:support-compat:28.0.0] AndroidManifest.xml:22:18-91
32        android:debuggable="true"
33        android:icon="@drawable/ic_launcher"
33-->src\main\AndroidManifest.xml:31:9-45
34        android:label="@string/app_name"
34-->src\main\AndroidManifest.xml:32:9-41
35        android:testOnly="true"
36        android:theme="@style/AppTheme"
36-->src\main\AndroidManifest.xml:33:9-40
37        android:usesCleartextTraffic="true" >
37-->src\main\AndroidManifest.xml:34:9-44
38        <activity
38-->src\main\AndroidManifest.xml:35:9-39:20
39            android:name="enruta.sistole_gen.Main"
39-->src\main\AndroidManifest.xml:36:13-51
40            android:label="@string/app_name"
40-->src\main\AndroidManifest.xml:37:13-45
41            android:screenOrientation="portrait" >
41-->src\main\AndroidManifest.xml:38:13-49
42        </activity>
43        <activity
43-->src\main\AndroidManifest.xml:40:9-46:20
44            android:name="enruta.sistole_gen.TomaDeLecturas"
44-->src\main\AndroidManifest.xml:41:13-61
45            android:configChanges="keyboardHidden|navigation|orientation|screenSize"
45-->src\main\AndroidManifest.xml:42:13-85
46            android:label="@string/title_activity_toma_de_lecturas"
46-->src\main\AndroidManifest.xml:43:13-68
47            android:screenOrientation="portrait"
47-->src\main\AndroidManifest.xml:44:13-49
48            android:windowSoftInputMode="stateAlwaysHidden" >
48-->src\main\AndroidManifest.xml:45:13-60
49        </activity>
50        <activity
50-->src\main\AndroidManifest.xml:47:9-50:20
51            android:name="enruta.sistole_gen.CamaraActivity"
51-->src\main\AndroidManifest.xml:48:13-61
52            android:screenOrientation="portrait" >
52-->src\main\AndroidManifest.xml:49:13-49
53        </activity>
54        <activity
54-->src\main\AndroidManifest.xml:51:9-54:20
55            android:name="enruta.sistole_gen.trasmisionDatos"
55-->src\main\AndroidManifest.xml:52:13-62
56            android:screenOrientation="portrait" >
56-->src\main\AndroidManifest.xml:53:13-49
57        </activity>
58        <activity
58-->src\main\AndroidManifest.xml:55:9-58:20
59            android:name="enruta.sistole_gen.VerFotos"
59-->src\main\AndroidManifest.xml:56:13-55
60            android:screenOrientation="portrait" >
60-->src\main\AndroidManifest.xml:57:13-49
61        </activity>
62        <activity
62-->src\main\AndroidManifest.xml:59:9-64:20
63            android:name="enruta.sistole_gen.Filtrado"
63-->src\main\AndroidManifest.xml:60:13-55
64            android:label="@string/title_activity_filtrado"
64-->src\main\AndroidManifest.xml:61:13-60
65            android:screenOrientation="portrait"
65-->src\main\AndroidManifest.xml:62:13-49
66            android:windowSoftInputMode="stateHidden" >
66-->src\main\AndroidManifest.xml:63:13-54
67        </activity>
68        <activity
68-->src\main\AndroidManifest.xml:65:9-69:20
69            android:name="enruta.sistole_gen.Input"
69-->src\main\AndroidManifest.xml:66:13-52
70            android:screenOrientation="portrait"
70-->src\main\AndroidManifest.xml:67:13-49
71            android:windowSoftInputMode="stateVisible" >
71-->src\main\AndroidManifest.xml:68:13-55
72        </activity>
73        <activity
73-->src\main\AndroidManifest.xml:70:9-74:20
74            android:name="enruta.sistole_gen.PantallaAnomalias"
74-->src\main\AndroidManifest.xml:71:13-64
75            android:screenOrientation="portrait"
75-->src\main\AndroidManifest.xml:72:13-49
76            android:windowSoftInputMode="stateHidden" >
76-->src\main\AndroidManifest.xml:73:13-54
77        </activity>
78        <activity
78-->src\main\AndroidManifest.xml:75:9-80:20
79            android:name="enruta.sistole_gen.BuscarMedidor"
79-->src\main\AndroidManifest.xml:76:13-60
80            android:label="@string/title_activity_buscar_medidor"
80-->src\main\AndroidManifest.xml:77:13-66
81            android:screenOrientation="portrait"
81-->src\main\AndroidManifest.xml:78:13-49
82            android:windowSoftInputMode="stateVisible|adjustResize" >
82-->src\main\AndroidManifest.xml:79:13-68
83        </activity>
84        <activity
84-->src\main\AndroidManifest.xml:81:9-86:20
85            android:name="enruta.sistole_gen.Configuracion"
85-->src\main\AndroidManifest.xml:82:13-60
86            android:label="@string/title_activity_configuracion"
86-->src\main\AndroidManifest.xml:83:13-65
87            android:screenOrientation="portrait"
87-->src\main\AndroidManifest.xml:84:13-49
88            android:windowSoftInputMode="stateHidden|adjustPan" >
88-->src\main\AndroidManifest.xml:85:13-64
89        </activity>
90        <activity
90-->src\main\AndroidManifest.xml:87:9-90:20
91            android:name="enruta.sistole_gen.Informacion"
91-->src\main\AndroidManifest.xml:88:13-58
92            android:screenOrientation="portrait" >
92-->src\main\AndroidManifest.xml:89:13-49
93        </activity>
94        <activity
94-->src\main\AndroidManifest.xml:91:9-95:20
95            android:name="enruta.sistole_gen.NoRegistrados"
95-->src\main\AndroidManifest.xml:92:13-60
96            android:label="@string/title_activity_no_registrados"
96-->src\main\AndroidManifest.xml:93:13-66
97            android:screenOrientation="portrait" >
97-->src\main\AndroidManifest.xml:94:13-49
98        </activity>
99        <activity
99-->src\main\AndroidManifest.xml:96:9-99:20
100            android:name="enruta.sistole_gen.trasmisionDatosBt"
100-->src\main\AndroidManifest.xml:97:13-64
101            android:screenOrientation="portrait" >
101-->src\main\AndroidManifest.xml:98:13-49
102        </activity>
103        <activity
103-->src\main\AndroidManifest.xml:100:9-110:20
104            android:name="enruta.sistole_gen.CPL"
104-->src\main\AndroidManifest.xml:101:13-50
105            android:configChanges="keyboardHidden|orientation|screenLayout|screenSize"
105-->src\main\AndroidManifest.xml:102:13-87
106            android:screenOrientation="portrait"
106-->src\main\AndroidManifest.xml:103:13-49
107            android:windowSoftInputMode="adjustPan" >
107-->src\main\AndroidManifest.xml:104:13-52
108            <intent-filter>
108-->src\main\AndroidManifest.xml:105:13-109:29
109                <action android:name="android.intent.action.MAIN" />
109-->src\main\AndroidManifest.xml:106:17-69
109-->src\main\AndroidManifest.xml:106:25-66
110
111                <category android:name="android.intent.category.LAUNCHER" />
111-->src\main\AndroidManifest.xml:108:17-77
111-->src\main\AndroidManifest.xml:108:27-74
112            </intent-filter>
113        </activity>
114        <activity
114-->src\main\AndroidManifest.xml:111:9-115:20
115            android:name="enruta.sistole_gen.InputCamposGenerico"
115-->src\main\AndroidManifest.xml:112:13-66
116            android:screenOrientation="portrait"
116-->src\main\AndroidManifest.xml:113:13-49
117            android:windowSoftInputMode="stateHidden" >
117-->src\main\AndroidManifest.xml:114:13-54
118        </activity>
119        <activity
119-->src\main\AndroidManifest.xml:116:9-119:20
120            android:name="enruta.sistole_gen.PantallaCodigos"
120-->src\main\AndroidManifest.xml:117:13-62
121            android:label="@string/title_activity_pantalla_codigos" >
121-->src\main\AndroidManifest.xml:118:13-68
122        </activity>
123    </application>
124
125</manifest>